36.0 APEX_CODE,DEBUG;APEX_PROFILING,INFO;CALLOUT,INFO;DB,INFO;SYSTEM,DEBUG;VALIDATION,INFO;VISUALFORCE,DEBUG;WAVE,INFO;WORKFLOW,INFO
Execute Anonymous: System.debug('Hello');
09:43:43.30 (30312942)|USER_INFO|[EXTERNAL]|00590000002bWhB|hai_sandip@yahoo.com|Pacific Standard Time|GMT-07:00
09:43:43.30 (30335257)|EXECUTION_STARTED
09:43:43.30 (30340537)|CODE_UNIT_STARTED|[EXTERNAL]|execute_anonymous_apex
09:43:43.30 (32174771)|USER_DEBUG|[1]|DEBUG|Hello
09:43:43.32 (32240089)|CUMULATIVE_LIMIT_USAGE
09:43:43.32 (32240089)|LIMIT_USAGE_FOR_NS|(default)|
  Number of SOQL queries: 0 out of 100
  Number of query rows: 0 out of 50000
  Number of SOSL queries: 0 out of 20
  Number of DML statements: 0 out of 150
  Number of DML rows: 0 out of 10000
  Maximum CPU time: 0 out of 10000
  Maximum heap size: 0 out of 6000000
  Number of callouts: 0 out of 100
  Number of Email Invocations: 0 out of 10
  Number of future calls: 0 out of 50
  Number of queueable jobs added to the queue: 0 out of 50
  Number of Mobile Apex push calls: 0 out of 10

09:43:43.32 (32240089)|CUMULATIVE_LIMIT_USAGE_END

09:43:43.30 (32295442)|CODE_UNIT_FINISHED|execute_anonymous_apex
09:43:43.30 (33937574)|EXECUTION_FINISHED
